<?xml version="1.0" encoding="UTF-8"?>
<!-- Generated by org.testng.reporters.JUnitXMLReporter -->
<testsuite hostname="LAPTOP-ULFRHPL9" ignored="2" tests="0" failures="0" timestamp="11 Feb 2022 21:28:29 GMT" time="0.0" errors="0">
  <testcase name="@BeforeSuite setUp" time="0.0" classname="utils.TestBase">
    <failure type="org.testng.TestNGException" message="
Parameter &amp;apos;groupReport&amp;apos; is required by BeforeSuite on method setUp but has not been marked @Optional or defined
">
      <![CDATA[org.testng.TestNGException: 
Parameter 'groupReport' is required by BeforeSuite on method setUp but has not been marked @Optional or defined

... Removed 27 stack frames]]>
    </failure>
  </testcase> <!-- @BeforeSuite setUp -->
  <testcase name="@AfterSuite cleanup" time="0.0" classname="utils.TestBase">
    <ignored/>
  </testcase> <!-- @AfterSuite cleanup -->
  <testcase name="@BeforeSuite setUp" time="0.0" classname="utils.TestBase">
    <ignored/>
  </testcase> <!-- @BeforeSuite setUp -->
</testsuite>
